<?xml version="1.0" encoding="UTF-8"?>
<robot generator="Robot 5.0.1 (Python 3.10.6 on win32)" generated="20221012 16:00:17.097" rpa="false" schemaversion="3">
<suite id="s1" name="Put" source="C:\Users\Erica Ocuda\OneDrive\Documentos\frameWork-Test\Robot-API-Expert\buger-eats-partner-api-tests\tests\put.robot">
<test id="s1-t1" name="Should enable a partner" line="7">
<kw name="Factory Enable Partner" library="partner">
<var>${partner}</var>
<msg timestamp="20221012 16:00:17.318" level="INFO">${partner} = {'name': 'loja MM', 'email': 'lojasMM@gmail.com.br', 'whatsapp': '1199999999', 'business': 'Conveniência'}</msg>
<status status="PASS" starttime="20221012 16:00:17.318" endtime="20221012 16:00:17.318"/>
</kw>
<kw name="Remove Partner By Name" library="database">
<arg>${partner}[name]</arg>
<kw name="Create Dictionary" library="BuiltIn">
<var>${filter}</var>
<arg>name=${partner_name}</arg>
<doc>Creates and returns a dictionary based on the given ``items``.</doc>
<msg timestamp="20221012 16:00:17.319" level="INFO">${filter} = {'name': 'loja MM'}</msg>
<status status="PASS" starttime="20221012 16:00:17.318" endtime="20221012 16:00:17.319"/>
</kw>
<kw name="Delete One" library="RobotMongoDBLibrary.Delete">
<arg>${MONGO_URI}</arg>
<arg>${filter}</arg>
<status status="PASS" starttime="20221012 16:00:17.319" endtime="20221012 16:00:19.106"/>
</kw>
<status status="PASS" starttime="20221012 16:00:17.318" endtime="20221012 16:00:19.106"/>
</kw>
<kw name="POST Partner" library="services">
<var>${response}</var>
<arg>${partner}</arg>
<kw name="POST" library="RequestsLibrary">
<var>${response}</var>
<arg>${BASE_URL}</arg>
<arg>json=${payload}</arg>
<arg>headers=${HEADERS}</arg>
<arg>expected_status=any</arg>
<doc>Sends a POST request.</doc>
<msg timestamp="20221012 16:00:19.304" level="INFO">POST Request : url=http://localhost:3333/partners 
 path_url=/partners 
 headers={'User-Agent': 'python-requests/2.28.1', 'Accept-Encoding': 'gzip, deflate', 'Accept': '*/*', 'Connection': 'keep-alive', 'Content-Type': 'application/json', 'auth_user': 'qa', 'auth_password': 'ninja', 'Content-Length': '111'} 
 body=b'{"name": "loja MM", "email": "lojasMM@gmail.com.br", "whatsapp": "1199999999", "business": "Conveni\\u00eancia"}' 
 </msg>
<msg timestamp="20221012 16:00:19.304" level="INFO">POST Response : url=http://localhost:3333/partners 
 status=201, reason=Created 
 headers={'X-Powered-By': 'Express', 'Access-Control-Allow-Origin': '*', 'Access-Control-Expose-Headers': 'Authorization,auth_user,auth_password', 'Content-Type': 'application/json; charset=utf-8', 'Content-Length': '41', 'ETag': 'W/"29-UZzVznq2Ht4z64BbLR7vnvy9dIU"', 'Date': 'Wed, 12 Oct 2022 20:00:19 GMT', 'Connection': 'keep-alive', 'Keep-Alive': 'timeout=5'} 
 body={"partner_id":"63471cd3290099a2b486d7c2"} 
 </msg>
<msg timestamp="20221012 16:00:19.304" level="INFO">${response} = &lt;Response [201]&gt;</msg>
<status status="PASS" starttime="20221012 16:00:19.107" endtime="20221012 16:00:19.304"/>
</kw>
<msg timestamp="20221012 16:00:19.304" level="INFO">${response} = &lt;Response [201]&gt;</msg>
<status status="PASS" starttime="20221012 16:00:19.106" endtime="20221012 16:00:19.304"/>
</kw>
<kw name="Set Variable" library="BuiltIn">
<var>${partner_id}</var>
<arg>${response.json()}[partner_id]</arg>
<doc>Returns the given values which can then be assigned to a variables.</doc>
<msg timestamp="20221012 16:00:19.305" level="INFO">${partner_id} = 63471cd3290099a2b486d7c2</msg>
<status status="PASS" starttime="20221012 16:00:19.304" endtime="20221012 16:00:19.305"/>
</kw>
<kw name="Enable Partner" library="services">
<var>${response}</var>
<arg>${partner_id}</arg>
<kw name="PUT" library="RequestsLibrary">
<var>${response}</var>
<arg>${BASE_URL}/${partner_id}/enable</arg>
<arg>headers=${HEADERS}</arg>
<arg>expected_status=any</arg>
<doc>Sends a PUT request.</doc>
<msg timestamp="20221012 16:00:19.501" level="INFO">PUT Request : url=http://localhost:3333/partners/63471cd3290099a2b486d7c2/enable 
 path_url=/partners/63471cd3290099a2b486d7c2/enable 
 headers={'User-Agent': 'python-requests/2.28.1', 'Accept-Encoding': 'gzip, deflate', 'Accept': '*/*', 'Connection': 'keep-alive', 'Content-Type': 'application/json', 'auth_user': 'qa', 'auth_password': 'ninja', 'Content-Length': '0'} 
 body=None 
 </msg>
<msg timestamp="20221012 16:00:19.501" level="INFO">PUT Response : url=http://localhost:3333/partners/63471cd3290099a2b486d7c2/enable 
 status=200, reason=OK 
 headers={'X-Powered-By': 'Express', 'Access-Control-Allow-Origin': '*', 'Access-Control-Expose-Headers': 'Authorization,auth_user,auth_password', 'Date': 'Wed, 12 Oct 2022 20:00:19 GMT', 'Connection': 'keep-alive', 'Keep-Alive': 'timeout=5', 'Content-Length': '0'} 
 body=None 
 </msg>
<msg timestamp="20221012 16:00:19.501" level="INFO">${response} = &lt;Response [200]&gt;</msg>
<status status="PASS" starttime="20221012 16:00:19.306" endtime="20221012 16:00:19.501"/>
</kw>
<msg timestamp="20221012 16:00:19.501" level="INFO">${response} = &lt;Response [200]&gt;</msg>
<status status="PASS" starttime="20221012 16:00:19.306" endtime="20221012 16:00:19.501"/>
</kw>
<kw name="Status Should Be" library="RequestsLibrary">
<arg>200</arg>
<doc>Fails if response status code is different than the expected.</doc>
<status status="PASS" starttime="20221012 16:00:19.502" endtime="20221012 16:00:19.502"/>
</kw>
<status status="PASS" starttime="20221012 16:00:17.317" endtime="20221012 16:00:19.502"/>
</test>
<doc>POST /partners</doc>
<status status="PASS" starttime="20221012 16:00:17.098" endtime="20221012 16:00:19.504"/>
</suite>
<statistics>
<total>
<stat pass="1" fail="0" skip="0">All Tests</stat>
</total>
<tag>
</tag>
<suite>
<stat pass="1" fail="0" skip="0" id="s1" name="Put">Put</stat>
</suite>
</statistics>
<errors>
</errors>
</robot>
