<?xml version="1.0" encoding="UTF-8"?>
<robot generator="Robot 5.0.1 (Python 3.10.6 on win32)" generated="20221010 20:51:05.069" rpa="false" schemaversion="3">
<suite id="s1" name="Post" source="C:\Users\Erica Ocuda\OneDrive\Documentos\frameWork-Test\Robot-API-Expert\buger-eats-partner-api-tests\tests\post.robot">
<test id="s1-t1" name="Should create a new partner" line="7">
<kw name="Create Dictionary" library="BuiltIn">
<var>${payload}</var>
<arg>name=Pizza mario</arg>
<arg>email=pizzamario@gmail.com.br</arg>
<arg>whatsapp=1199999999</arg>
<arg>business=Restaurante</arg>
<doc>Creates and returns a dictionary based on the given ``items``.</doc>
<msg timestamp="20221010 20:51:05.315" level="INFO">${payload} = {'name': 'Pizza mario', 'email': 'pizzamario@gmail.com.br', 'whatsapp': '1199999999', 'business': 'Restaurante'}</msg>
<status status="PASS" starttime="20221010 20:51:05.315" endtime="20221010 20:51:05.315"/>
</kw>
<kw name="Create Dictionary" library="BuiltIn">
<var>${headers}</var>
<arg>Content-Type=application/json</arg>
<arg>auth_user=qa</arg>
<arg>auth_password=ninja</arg>
<doc>Creates and returns a dictionary based on the given ``items``.</doc>
<msg timestamp="20221010 20:51:05.315" level="INFO">${headers} = {'Content-Type': 'application/json', 'auth_user': 'qa', 'auth_password': 'ninja'}</msg>
<status status="PASS" starttime="20221010 20:51:05.315" endtime="20221010 20:51:05.315"/>
</kw>
<kw name="Create Dictionary" library="BuiltIn">
<var>${filter}</var>
<arg>name=Pizza mario</arg>
<doc>Creates and returns a dictionary based on the given ``items``.</doc>
<msg timestamp="20221010 20:51:05.315" level="INFO">${filter} = {'name': 'Pizza mario'}</msg>
<status status="PASS" starttime="20221010 20:51:05.315" endtime="20221010 20:51:05.315"/>
</kw>
<kw name="Delete One" library="RobotMongoDBLibrary.Delete">
<arg>${MONGO_URI}</arg>
<arg>${filter}</arg>
<status status="PASS" starttime="20221010 20:51:05.331" endtime="20221010 20:51:07.049"/>
</kw>
<kw name="POST" library="RequestsLibrary">
<var>${response}</var>
<arg>${BASE_URL}</arg>
<arg>json=${payload}</arg>
<arg>headers=${headers}</arg>
<doc>Sends a POST request.</doc>
<msg timestamp="20221010 20:51:07.244" level="INFO">POST Request : url=http://localhost:3333/partners 
 path_url=/partners 
 headers={'User-Agent': 'python-requests/2.28.1', 'Accept-Encoding': 'gzip, deflate', 'Accept': '*/*', 'Connection': 'keep-alive', 'Content-Type': 'application/json', 'auth_user': 'qa', 'auth_password': 'ninja', 'Content-Length': '112'} 
 body=b'{"name": "Pizza mario", "email": "pizzamario@gmail.com.br", "whatsapp": "1199999999", "business": "Restaurante"}' 
 </msg>
<msg timestamp="20221010 20:51:07.244" level="INFO">POST Response : url=http://localhost:3333/partners 
 status=201, reason=Created 
 headers={'X-Powered-By': 'Express', 'Access-Control-Allow-Origin': '*', 'Access-Control-Expose-Headers': 'Authorization,auth_user,auth_password', 'Content-Type': 'application/json; charset=utf-8', 'Content-Length': '41', 'ETag': 'W/"29-s0q5pg06oNwg5tQBakKPXqpsaBU"', 'Date': 'Tue, 11 Oct 2022 00:51:07 GMT', 'Connection': 'keep-alive', 'Keep-Alive': 'timeout=5'} 
 body={"partner_id":"6344bdfb14af33217f2f0890"} 
 </msg>
<msg timestamp="20221010 20:51:07.244" level="INFO">${response} = &lt;Response [201]&gt;</msg>
<status status="PASS" starttime="20221010 20:51:07.049" endtime="20221010 20:51:07.244"/>
</kw>
<kw name="Status Should Be" library="RequestsLibrary">
<arg>201</arg>
<doc>Fails if response status code is different than the expected.</doc>
<status status="PASS" starttime="20221010 20:51:07.244" endtime="20221010 20:51:07.244"/>
</kw>
<kw name="Log To Console" library="BuiltIn">
<arg>${response.json()}[partner_id]</arg>
<doc>Logs the given message to the console.</doc>
<status status="PASS" starttime="20221010 20:51:07.244" endtime="20221010 20:51:07.244"/>
</kw>
<kw name="Find" library="RobotMongoDBLibrary.Find">
<var>${results}</var>
<arg>${MONGO_URI}</arg>
<arg>${filter}</arg>
<msg timestamp="20221010 20:51:08.863" level="INFO">${results} = [{'_id': '6344bdfb14af33217f2f0890', 'name': 'Pizza mario', 'email': 'pizzamario@gmail.com.br', 'whatsapp': '1199999999', 'business': 'Restaurante', 'active': False, 'created_at': datetime.datetime(20...</msg>
<status status="PASS" starttime="20221010 20:51:07.244" endtime="20221010 20:51:08.863"/>
</kw>
<kw name="Should Be Equal" library="BuiltIn">
<arg>${response.json()}[partner_id]</arg>
<arg>${results}[0][_id]</arg>
<doc>Fails if the given objects are unequal.</doc>
<status status="PASS" starttime="20221010 20:51:08.863" endtime="20221010 20:51:08.863"/>
</kw>
<status status="PASS" starttime="20221010 20:51:05.315" endtime="20221010 20:51:08.863"/>
</test>
<doc>POST /partners</doc>
<status status="PASS" starttime="20221010 20:51:05.069" endtime="20221010 20:51:08.863"/>
</suite>
<statistics>
<total>
<stat pass="1" fail="0" skip="0">All Tests</stat>
</total>
<tag>
</tag>
<suite>
<stat pass="1" fail="0" skip="0" id="s1" name="Post">Post</stat>
</suite>
</statistics>
<errors>
</errors>
</robot>
